C51 COMPILER V9.53.0.0   MAIN                                                              01/22/2025 10:39:20 PAGE 1   


C51 COMPILER V9.53.0.0, COMPILATION OF MODULE MAIN
OBJECT MODULE PLACED IN ..\OBJ\main.obj
COMPILER INVOKED BY: C:\Program Files (x86)\KEIL\C51\BIN\C51.EXE main.c LARGE OMF2 OPTIMIZE(3,SIZE) BROWSE INCDIR(..\USE
                    -R;..\FUNC_HANDLER;..\GUI_APP;..\HANDWARE\UART2) DEBUG PRINT(..\OBJ\main.lst) TABS(2) OBJECT(..\OBJ\main.obj)

line level    source

   1          #include "sys.h"
   2          #include "uart2.h"
   3          #include <string.h>
   4          extern  u8 modbus_addresses[5];     // –ê–¥—Ä–µ—Å–∞ —É—Å—Ç—Ä–æ–π—Å—Ç–≤
   5          extern  u16 start_reg;              // –ù–∞—á–∞–ª—å–Ω—ã–π —Ä–µ–≥–∏—Å—Ç—Ä
   6          extern  u16 num_reg;                // –ö–æ–ª–∏—á–µ—Å—Ç–≤–æ —Ä–µ–≥–∏—Å—Ç—Ä–æ–≤
   7          
   8          extern volatile u32 rcv_timer;
   9          extern volatile  u32 sys_tick;
  10          extern u8  uart2_step;
  11          
  12          #define FIRST_TXT    "DGUS Tool\0\0"
  13          #define TEST_TXT     "DGUS TEST TEXT\0\0"
  14          #define INT_TXT    "INERRUPT \0\0"
  15          #define WHILE_TXT    "WHILE___ \0\0"
  16          #define BOUDRATE 9600
  17          
  18          
  19          
  20          
  21          void main(void)
  22          {   
  23   1      
  24   1      // –ì–ª–æ–±–∞–ª—å–Ω—ã–µ –ø–µ—Ä–µ–º–µ–Ω–Ω—ã–µ –≤ `xdata`
  25   1      idata  ModbusRequest request[6] = {
  26   1          {0x1, 0x3,  0x0000, 0x1},   // –£—Å—Ç—Ä–æ–π—Å—Ç–≤–æ 1
  27   1          {0x2, 0x3,  0x0000, 0x4},   // –£—Å—Ç—Ä–æ–π—Å—Ç–≤–æ 2
  28   1          {0x2, 0x10,  0x0000, 0x1},   // –£—Å—Ç—Ä–æ–π—Å—Ç–≤–æ 3
  29   1          {0x3, 0x3,  0x0000, 0x1},   // –£—Å—Ç—Ä–æ–π—Å—Ç–≤–æ 4
  30   1          {0x4, 0x3,  0x0000, 0x2},   // –£—Å—Ç—Ä–æ–π—Å—Ç–≤–æ 5
  31   1          {0x5, 0x3,  0x0000, 0x1}    // –£—Å—Ç—Ä–æ–π—Å—Ç–≤–æ 6
  32   1      };
  33   1      
  34   1       idata  ModbusRequest temp_request;
  35   1        u8 send_buff[8]={0,};
  36   1        u32 polling_timer=0;                    // –¢–∞–π–º–µ—Ä –æ–∂–∏–¥–∞–Ω–∏—è –æ—Ç–≤–µ—Ç–∞
  37   1        u8 polling_state;                     // –°–æ—Å—Ç–æ—è–Ω–∏–µ –æ–ø—Ä–æ—Å–∞: 0 - –æ—Ç–ø—Ä–∞–≤–∫–∞, 1 - –æ–∂–
             -∏–¥–∞–Ω–∏–µ
  38   1        u16 len;
  39   1        u16 i;
  40   1        u8 buff[48]={0, };
  41   1        idata u16 send_reg[8]={2,0,0,0x08,0,0,0,2 };
  42   1        u16 recv_len;
  43   1        idata u8 command_value; // –û–±—ä—è–≤–ª–µ–Ω–∏–µ –ø–µ—Ä–µ–º–µ–Ω–Ω–æ–π
  44   1        float temperature;
  45   1        u16 rawValue;
  46   1        xdata ModbusPacket receivedPacket;
  47   1        u16 freq;
  48   1        u16 receive_cmd=0;
  49   1        xdata u16 receive_adr=0;
  50   1      
  51   1           xdata u16 result=0;  
  52   1           sys_init();//System initialization
  53   1           uart2_init(BOUDRATE);//Initialize serial port 2
C51 COMPILER V9.53.0.0   MAIN                                                              01/22/2025 10:39:20 PAGE 2   

  54   1           current_device = 0;
  55   1           polling_state=0;
  56   1           sys_tick=IDLE_TIME;
  57   1        while(1){   
  58   2            
  59   2          if((sys_tick==0)&&(polling_state == 1)&&(uart2_rx_sta)){uart2_rx_sta |= UART2_PACKET_OK; }; // –¢–∞–π–º–
             -∞—É—Ç –ø—Ä–µ—Ä—ã–≤–∞–Ω–∏—è –ø—Ä–∏—ë–º–∞ –¥–∞–Ω–Ω—ã—Ö 
  60   2                
  61   2          if(uart2_rx_sta & UART2_PACKET_OK)
  62   2          {
  63   3              
  64   3            len = uart2_rx_sta & UART2_PACKET_LEN;
  65   3              
  66   3            sys_write_vp(0x2069, (u16*)&len, 2);
*** WARNING C182 IN LINE 66 OF main.c: pointer to different objects
  67   3        
  68   3            recv_len = 0;
  69   3            for(i=0;i<len;i++)
  70   3            {
  71   4              recv_len += sprintf(buff+recv_len,"%02X ",(u16)uart2_buf[i]);
  72   4            }
  73   3            sys_write_vp(0x2010,"                                ",16);
  74   3            sys_write_vp(0x2010,buff,recv_len/2+2);
  75   3            for(i=0;i<48;i++)
  76   3            {
  77   4              buff[i]=0;
  78   4            }
  79   3            sys_tick=IDLE_TIME;
  80   3            result=parseModbusPacket(&uart2_buf,len,(ModbusPacket*)&receivedPacket);    
  81   3             sys_write_vp(0x2071, &result, 1);
*** WARNING C182 IN LINE 81 OF main.c: pointer to different objects
  82   3             if (result==1) {   
  83   4                   sys_write_vp(0x2096, "OK    \n", 4);
  84   4             
  85   4             switch (receivedPacket.rcv_address) {
  86   5      
  87   5                 case 0x01:    
  88   5                  // –ü—Ä–æ–≤–µ—Ä—è–µ–º –¥–ª–∏–Ω—É –¥–∞–Ω–Ω—ã—Ö
  89   5                          if (receivedPacket.rcv_dataLength >= 2) {
  90   6                              // –ò–∑–≤–ª–µ–∫–∞–µ–º –¥–∞–Ω–Ω—ã–µ (–ø–µ—Ä–≤—ã–π —Ä–µ–≥–∏—Å—Ç—Ä)
  91   6                              rawValue = (receivedPacket.rcv_data[0] << 8) | receivedPacket.rcv_data[1];
  92   6                              if (rawValue & 0x8000) { // –ü—Ä–æ–≤–µ—Ä—è–µ–º –∑–Ω–∞–∫ —á–∏—Å–ª–∞
  93   7                                  rawValue = rawValue - 65536; // –û—Ç—Ä–∏—Ü–∞—Ç–µ–ª—å–Ω–æ–µ –∑–Ω–∞—á–µ–Ω–∏–µ
  94   7                              }
  95   6                             temperature = rawValue / 10.0; // –ú–∞—Å—à—Ç–∞–±–∏—Ä–æ–≤–∞–Ω–∏–µ
  96   6                             sys_write_vp(0x2005,(u8*)&temperature,2);    
  97   6                             } else {
  98   6                            
  99   6                              }
 100   5                          break;
 101   5                              
 102   5                  case 0x02:            
 103   5                        
 104   5      
 105   5                       if (receivedPacket.rcv_dataLength >= 2) {
 106   6                            
 107   6                          // –ò–∑–≤–ª–µ–∫–∞–µ–º –¥–∞–Ω–Ω—ã–µ (–ø–µ—Ä–≤—ã–π —Ä–µ–≥–∏—Å—Ç—Ä)
 108   6                             freq = (receivedPacket.rcv_data[0] << 8) | receivedPacket.rcv_data[1];  
 109   6                        
 110   6                              sys_write_vp(0x2007,(u16*)&freq,2);     
*** WARNING C182 IN LINE 110 OF main.c: pointer to different objects
 111   6                             } else {
C51 COMPILER V9.53.0.0   MAIN                                                              01/22/2025 10:39:20 PAGE 3   

 112   6                                sys_write_vp(0x2096, "DATA_ERR\n", 6);
 113   6                               
 114   6                               break;
 115   6                              }
 116   5                          break;               
 117   5                 
 118   5                    default:
 119   5                  break;
 120   5             }
 121   4             
 122   4             
 123   4             
 124   4             
 125   4             }else if (result == 99) {
 126   4                  sys_write_vp(0x2096, "Lenght\n", 4);
 127   4               sys_delay_ms(20);
 128   4               uart2_rx_sta = 0;
 129   4                uart2_reset(BOUDRATE);
 130   4              }else if (result == 98) {
 131   4                  sys_write_vp(0x2096, "CRC   \n", 4);
 132   4                sys_delay_ms(20);
 133   4                uart2_rx_sta = 0;
 134   4                   uart2_reset(BOUDRATE);
 135   4              }else {
 136   4                  sys_write_vp(0x2096, "ERROR\n", 4);
 137   4                sys_delay_ms(20);
 138   4                uart2_rx_sta = 0;
 139   4                 uart2_reset(BOUDRATE);
 140   4              }
 141   3              
 142   3              uart2_rx_sta = 0;
 143   3              len=0;
 144   3             
 145   3             for(i=0;i<UART2_PACKET_MAX_LEN;i++)
 146   3            {
 147   4              uart2_buf[i]=0;
 148   4            }
 149   3                 
 150   3            rcv_complete=1;
 151   3          }
 152   2         
 153   2          
 154   2        
 155   2          
 156   2      if (polling_state==0) {
 157   3             if (current_device >= 6) {
 158   4                 current_device = 0; // –°–±—Ä–∞—Å—ã–≤–∞–µ–º –∏–Ω–¥–µ–∫—Å, –µ—Å–ª–∏ –æ–Ω –≤—ã—Ö–æ–¥–∏—Ç –∑–∞ –≥—
             -Ä–∞–Ω–∏—Ü—ã
 159   4                }
 160   3        
 161   3                
 162   3          sys_delay_ms(15);
 163   3          temp_request = request[current_device];
 164   3          sys_write_vp(0x2000,(u8*)&current_device,1);
 165   3          command_value = temp_request.command; // –ü—Ä–∏—Å–≤–∞–∏–≤–∞–Ω–∏–µ –∑–Ω–∞—á–µ–Ω–∏—è
 166   3          sys_write_vp(0x2001, &temp_request.command, 1); // –ó–∞–ø–∏—Å—å –∑–Ω–∞—á–µ–Ω–∏—è –∫–æ–º–∞–Ω–¥—ã
*** WARNING C182 IN LINE 166 OF main.c: pointer to different objects
 167   3          sys_write_vp(0x2002, &temp_request.start_register, 1); // –ó–∞–ø–∏—Å—å –ø–µ—Ä–≤–æ–≥–æ —Ä–µ–≥–∏—Å—Ç—Ä–∞
*** WARNING C182 IN LINE 167 OF main.c: pointer to different objects
 168   3                
 169   3          if(command_value==0x03){      
 170   4          data_len=(temp_request.num_registers * 2)+5;  }
C51 COMPILER V9.53.0.0   MAIN                                                              01/22/2025 10:39:20 PAGE 4   

 171   3          
 172   3          if(command_value==0x10){      
 173   4          data_len=8;}
 174   3          
 175   3          if(command_value==0x6){     
 176   4          data_len=8;}
 177   3          
 178   3          sys_write_vp(0x2003,(u16*)&data_len, 2);  
*** WARNING C182 IN LINE 178 OF main.c: pointer to different objects
 179   3          sys_write_vp(0x2004, &temp_request.address, 1);
*** WARNING C182 IN LINE 179 OF main.c: pointer to different objects
 180   3          polling_timer=200000; 
 181   3          polling_state=1;
 182   3          modbus_requests((ModbusRequest*)&temp_request,send_reg,8);      
 183   3          sys_tick=IDLE_TIME;
 184   3             }
 185   2      
 186   2            polling_timer--;
 187   2          
 188   2          
 189   2          // –°–æ—Å—Ç–æ—è–Ω–∏–µ 1: –û–∂–∏–¥–∞–Ω–∏–µ –æ—Ç–≤–µ—Ç–∞
 190   2          if (polling_state == 1) {
 191   3              // –ï—Å–ª–∏ –ø–æ–ª—É—á–µ–Ω –æ—Ç–≤–µ—Ç
 192   3            
 193   3              if (rcv_complete==1) {
 194   4                  sys_write_vp(0x2042, "Received        \n", 9);      
 195   4                  // –ü–µ—Ä–µ—Ö–æ–¥ –∫ —Å–ª–µ–¥—É—é—â–µ–º—É —É—Å—Ç—Ä–æ–π—Å—Ç–≤—É
 196   4                  current_device=current_device+1;
 197   4                  polling_state = 0;  // –í–æ–∑–≤—Ä–∞—Ç –≤ —Å–æ—Å—Ç–æ—è–Ω–∏–µ –æ—Ç–ø—Ä–∞–≤–∫–∏
 198   4                  rcv_complete=0;
 199   4                  polling_timer=200000;
 200   4                  sys_tick=IDLE_TIME;
 201   4              }
 202   3              // –ï—Å–ª–∏ –≤—Ä–µ–º—è –æ–∂–∏–¥–∞–Ω–∏—è –∏—Å—Ç–µ–∫–ª–æ
 203   3               if (polling_timer ==0) {
 204   4                  // –õ–æ–≥–∏—Ä—É–µ–º —Ç–∞–π–º–∞—É—Ç (–æ–ø—Ü–∏–æ–Ω–∞–ª—å–Ω–æ)
 205   4                  sys_write_vp(0x2042, "Timeout         \n", 9);
 206   4           
 207   4                  for(i=0;i<48;i++)
 208   4                  {
 209   5                    buff[i]=0;
 210   5                  }
 211   4                  // –ü–µ—Ä–µ—Ö–æ–¥ –∫ —Å–ª–µ–¥—É—é—â–µ–º—É —É—Å—Ç—Ä–æ–π—Å—Ç–≤—É
 212   4                  current_device=current_device+1;
 213   4                  polling_state = 0;  // –í–æ–∑–≤—Ä–∞—Ç –≤ —Å–æ—Å—Ç–æ—è–Ω–∏–µ –æ—Ç–ø—Ä–∞–≤–∫–∏
 214   4                  rcv_complete=0;
 215   4                  sys_tick=IDLE_TIME;
 216   4              }     
 217   3          } 
 218   2        }
 219   1          
 220   1      }
 221          
 222          
 223          
 224          


MODULE INFORMATION:   STATIC OVERLAYABLE
   CODE SIZE        =   1562    ----
   CONSTANT SIZE    =    236    ----
   XDATA SIZE       =   ----     151
C51 COMPILER V9.53.0.0   MAIN                                                              01/22/2025 10:39:20 PAGE 5   

   PDATA SIZE       =   ----    ----
   DATA SIZE        =   ----    ----
   IDATA SIZE       =   ----      73
   BIT SIZE         =   ----    ----
   EDATA SIZE       =   ----    ----
   HDATA SIZE       =   ----    ----
   XDATA CONST SIZE =   ----    ----
   FAR CONST SIZE   =   ----    ----
END OF MODULE INFORMATION.


C51 COMPILATION COMPLETE.  7 WARNING(S),  0 ERROR(S)
